<?xml version="1.0" encoding="UTF-8"?>
<testng-results ignored="0" total="0" passed="0" failed="0" skipped="0">
  <reporter-output>
  </reporter-output>
  <suite started-at="2023-01-16T14:12:46 IST" name="RunnerFile.TestRunner" finished-at="2023-01-16T14:12:46 IST" duration-ms="19">
    <groups>
    </groups>
    <test started-at="2023-01-16T14:12:46 IST" name="Command line test" finished-at="2023-01-16T14:12:46 IST" duration-ms="19">
    </test> <!-- Command line test -->
  </suite> <!-- RunnerFile.TestRunner -->
</testng-results>
